error: Unable to connect to the database: logger.info is not a function
error: Unable to connect to the database: logger.info is not a function
error: Unable to connect to the database: logger.info is not a function
error: Unable to connect to the database: logger.info is not a function
error: Unable to connect to the database: logger.info is not a function
error: Unable to connect to the database: logger.info is not a function
error: uncaughtException: Cannot find module './logger'
Error: Cannot find module './logger'
    at Function.Module._resolveFilename (internal/modules/cjs/loader.js:636:15)
    at Function.Module._load (internal/modules/cjs/loader.js:562:25)
    at Module.require (internal/modules/cjs/loader.js:692:17)
    at require (internal/modules/cjs/helpers.js:25:18)
    at Object.<anonymous> (/Users/edwin/Desktop/github/bettercv/server/models/index.js:6:16)
    at Module._compile (internal/modules/cjs/loader.js:778:30)
    at Object.Module._extensions..js (internal/modules/cjs/loader.js:789:10)
    at Module.load (internal/modules/cjs/loader.js:653:32)
    at tryModuleLoad (internal/modules/cjs/loader.js:593:12)
    at Function.Module._load (internal/modules/cjs/loader.js:585:3)
info: [0 ms] Executed (default): SELECT 1+1 AS result
info: [1 ms] Executed (default): SELECT 1+1 AS result
info: Connection has been established successfully.
